<?xml version="1.0" encoding="UTF-8"?>
<!-- Generated by org.testng.reporters.JUnitReportReporter -->
<testsuite skipped="0" hostname="LAPTOP-UUB24JH4" name="openCart.openCartTestCases" tests="4" failures="0" timestamp="2022-06-22T21:56:37 EDT" time="40.489" errors="0">
  <testcase name="verifyUserLogin" time="17.136" classname="openCart.openCartTestCases"/>
  <system-out/>
  <testcase name="verifyCalculatedCostOfProducts" time="3.528" classname="openCart.openCartTestCases"/>
  <system-out/>
  <testcase name="verifyUserRegisteration" time="19.751" classname="openCart.openCartTestCases"/>
  <system-out/>
  <testcase name="verifyMostExpensiveLaptop" time="0.074" classname="openCart.openCartTestCases"/>
  <system-out/>
</testsuite> <!-- openCart.openCartTestCases -->
