<?xml version="1.0" encoding="UTF-8"?>
<!-- Generated by org.testng.reporters.JUnitReportReporter -->
<testsuite skipped="0" hostname="LAPTOP-UUB24JH4" name="testing1.testing1.NewTest" tests="4" failures="0" timestamp="2022-06-22T20:07:50 EDT" time="33.952" errors="0">
  <testcase name="verifyUserLogin" time="14.725" classname="testing1.testing1.NewTest"/>
  <system-out/>
  <testcase name="verifyCalculatedCostOfProducts" time="2.497" classname="testing1.testing1.NewTest"/>
  <system-out/>
  <testcase name="verifyUserRegisteration" time="16.672" classname="testing1.testing1.NewTest"/>
  <system-out/>
  <testcase name="verifyMostExpensiveLaptop" time="0.058" classname="testing1.testing1.NewTest"/>
  <system-out/>
</testsuite> <!-- testing1.testing1.NewTest -->
