<?xml version="1.0" encoding="UTF-8"?>
<!-- Generated by org.testng.reporters.JUnitReportReporter -->
<testsuite skipped="0" hostname="LAPTOP-UUB24JH4" name="testing1.testing1.ExcelSheet" tests="1" failures="0" timestamp="2022-06-22T17:52:08 EDT" time="0.411" errors="0">
  <testcase name="readCredentials" time="0.411" classname="testing1.testing1.ExcelSheet"/>
  <system-out/>
</testsuite> <!-- testing1.testing1.ExcelSheet -->
